<?xml version="1.0" encoding="UTF-8"?>
<testsuite name="WebCalendarSpringTest" tests="1" skipped="0" failures="0" errors="0" timestamp="2025-08-27T01:39:17" hostname="DESKTOP-GSLME3N" time="25.9">
  <properties/>
  <testcase name="start" classname="WebCalendarSpringTest" time="25.9"/>
  <system-out><![CDATA[{date=2024-01-01, event=New Year's Day}
{date=2023-04-07, event=Good Friday}
{date=2023-07-06, event=Jan Hus Day}
{date=2025-09-09, event=Perfect Day}
{date=2025-08-25, event=Another Good Day}
?[1;31m
Start test 1?[0m
?[0;34m
?[0m?[0;34m  .   ____          _            __ _ _
?[0m?[0;34m /\\ / ___'_ __ _ _(_)_ __  __ _ \ \ \ \
?[0m?[0;34m( ( )\___ | '_ | '_| | '_ \/ _` | \ \ \ \
?[0m?[0;34m \\/  ___)| |_)| | | | | || (_| |  ) ) ) )
?[0m?[0;34m  '  |____| .__|_| |_|_| |_\__, | / / / /
?[0m?[0;34m =========|_|==============|___/=/_/_/_/
?[0m?[0;34m :: Spring Boot ::                (v3.2.0)
?[0m?[0;34m
?[0m?[0;34m2025-08-26T19:39:18.334-06:00  INFO 35944 --- [    Test worker] webCalendarSpring.Main                   : Starting Main using Java 21.0.7 with PID 35944 (started by 52556 in C:\Temp\Java\Web Calendar (Java)\Web Calendar (Java)\task)
?[0m?[0;34m2025-08-26T19:39:18.337-06:00  INFO 35944 --- [    Test worker] webCalendarSpring.Main                   : No active profile set, falling back to 1 default profile: "default"
?[0m?[0;34m2025-08-26T19:39:20.076-06:00  INFO 35944 --- [    Test worker] .s.d.r.c.RepositoryConfigurationDelegate : Bootstrapping Spring Data JPA repositories in DEFAULT mode.
?[0m?[0;34m2025-08-26T19:39:20.165-06:00  INFO 35944 --- [    Test worker] .s.d.r.c.RepositoryConfigurationDelegate : Finished Spring Data repository scanning in 74 ms. Found 1 JPA repository interface.
?[0m?[0;34m2025-08-26T19:39:21.531-06:00  INFO 35944 --- [    Test worker] o.s.b.w.embedded.tomcat.TomcatWebServer  : Tomcat initialized with port 28852 (http)
?[0m?[0;34m2025-08-26T19:39:21.543-06:00  INFO 35944 --- [    Test worker] o.apache.catalina.core.StandardService   : Starting service [Tomcat]
?[0m?[0;34m2025-08-26T19:39:21.543-06:00  INFO 35944 --- [    Test worker] o.apache.catalina.core.StandardEngine    : Starting Servlet engine: [Apache Tomcat/10.1.16]
?[0m?[0;34m2025-08-26T19:39:21.650-06:00  INFO 35944 --- [    Test worker] o.a.c.c.C.[Tomcat].[localhost].[/]       : Initializing Spring embedded WebApplicationContext
?[0m?[0;34m2025-08-26T19:39:21.651-06:00  INFO 35944 --- [    Test worker] w.s.c.ServletWebServerApplicationContext : Root WebApplicationContext: initialization completed in 3242 ms
?[0m?[0;34m2025-08-26T19:39:22.353-06:00  INFO 35944 --- [    Test worker] o.hibernate.jpa.internal.util.LogHelper  : HHH000204: Processing PersistenceUnitInfo [name: default]
?[0m?[0;34m2025-08-26T19:39:22.491-06:00  INFO 35944 --- [    Test worker] org.hibernate.Version                    : HHH000412: Hibernate ORM core version 6.3.1.Final
?[0m?[0;34m2025-08-26T19:39:22.572-06:00  INFO 35944 --- [    Test worker] o.h.c.internal.RegionFactoryInitiator    : HHH000026: Second-level cache disabled
?[0m?[0;34m2025-08-26T19:39:23.192-06:00  INFO 35944 --- [    Test worker] o.s.o.j.p.SpringPersistenceUnitInfo      : No LoadTimeWeaver setup: ignoring JPA class transformer
?[0m?[0;34m2025-08-26T19:39:23.293-06:00  INFO 35944 --- [    Test worker] com.zaxxer.hikari.HikariDataSource       : HikariPool-1 - Starting...
?[0m?[0;34m2025-08-26T19:39:23.720-06:00  INFO 35944 --- [    Test worker] com.zaxxer.hikari.pool.HikariPool        : HikariPool-1 - Added connection conn0: url=jdbc:h2:file:../d.mv.db user=SA
?[0m?[0;34m2025-08-26T19:39:23.723-06:00  INFO 35944 --- [    Test worker] com.zaxxer.hikari.HikariDataSource       : HikariPool-1 - Start completed.
?[0m?[0;34m2025-08-26T19:39:23.768-06:00  WARN 35944 --- [    Test worker] org.hibernate.orm.deprecation            : HHH90000025: H2Dialect does not need to be specified explicitly using 'hibernate.dialect' (remove the property setting and it will be selected by default)
?[0m?[0;34m2025-08-26T19:39:25.162-06:00  INFO 35944 --- [    Test worker] o.h.e.t.j.p.i.JtaPlatformInitiator       : HHH000489: No JTA platform available (set 'hibernate.transaction.jta.platform' to enable JTA platform integration)
?[0m?[0;34m2025-08-26T19:39:25.209-06:00  INFO 35944 --- [    Test worker] j.LocalContainerEntityManagerFactoryBean : Initialized JPA EntityManagerFactory for persistence unit 'default'
?[0m?[0;34m2025-08-26T19:39:26.422-06:00  WARN 35944 --- [    Test worker] JpaBaseConfiguration$JpaWebConfiguration : spring.jpa.open-in-view is enabled by default. Therefore, database queries may be performed during view rendering. Explicitly configure spring.jpa.open-in-view to disable this warning
?[0m?[0;34m2025-08-26T19:39:28.491-06:00  INFO 35944 --- [    Test worker] o.s.b.a.e.web.EndpointLinksResolver      : Exposing 14 endpoint(s) beneath base path '/actuator'
?[0m?[0;34m2025-08-26T19:39:28.622-06:00  INFO 35944 --- [    Test worker] o.s.b.w.embedded.tomcat.TomcatWebServer  : Tomcat started on port 28852 (http) with context path ''
?[0m?[0;34m2025-08-26T19:39:28.637-06:00  INFO 35944 --- [    Test worker] webCalendarSpring.Main                   : Started Main in 10.866 seconds (process running for 12.259)
?[0;34m2025-08-26T19:39:29.502-06:00  INFO 35944 --- [io-28852-exec-1] o.a.c.c.C.[Tomcat].[localhost].[/]       : Initializing Spring DispatcherServlet 'dispatcherServlet'
?[0m?[0;34m2025-08-26T19:39:29.503-06:00  INFO 35944 --- [io-28852-exec-1] o.s.web.servlet.DispatcherServlet        : Initializing Servlet 'dispatcherServlet'
?[0m?[0;34m2025-08-26T19:39:29.507-06:00  INFO 35944 --- [io-28852-exec-1] o.s.web.servlet.DispatcherServlet        : Completed initialization in 3 ms
?[0m?[0;34m[]
?[0m?[0;34m 200
?[0m?[0;34m /event/today
?[0m?[0;34m GET
?[0m?[1;31m
Start test 2?[0m
?[1;31m
Start test 3?[0m
?[0;34m
?[0m?[0;34m 204
?[0m?[0;34m /event?start_time=2025-01-24&end_time=2025-09-03
?[0m?[0;34m GET
?[0m?[1;31m
Start test 4?[0m
?[0;34m{"date":"2025-08-26","message":"The event has been added!","event":"Today is a good Day "} 
?[0m?[0;34m200
?[0m?[0;34m /event
?[0m?[0;34m POST
?[0m?[0;34m {"date":"2025-08-26","event":"Today is a good Day "}
?[0m?[1;31m
Start test 5?[0m
?[0;34m{"date":"2025-08-26","message":"The event has been added!","event":"Today is a good Day "} 
?[0m?[0;34m200
?[0m?[0;34m /event
?[0m?[0;34m POST
?[0m?[0;34m {"date":"2025-08-26","event":"Today is a good Day "}
?[0m?[1;31m
Start test 6?[0m
?[0;34m{"date":"2025-09-09","message":"The event has been added!","event":"Perfect Day"} 
?[0m?[0;34m200
?[0m?[0;34m /event
?[0m?[0;34m POST
?[0m?[0;34m {"date":"2025-09-09","event":"Perfect Day"}
?[0m?[1;31m
Start test 7?[0m
?[0;34m[{"id":1,"event":"Today is a good Day ","date":"2025-08-26"},{"id":2,"event":"Today is a good Day ","date":"2025-08-26"}]
?[0m?[0;34m 200
?[0m?[0;34m /event/today
?[0m?[0;34m GET
?[0m?[0;34m{ "id":"1", "event":"Today is a good Day ", "date":"2025-08-26"}
?[0m?[0;34m{ "id":"2", "event":"Today is a good Day ", "date":"2025-08-26"}
?[0m?[1;31m
Start test 8?[0m
?[0;34m{ "id":"1", "event":"Today is a good Day ", "date":"2025-08-26"}
?[0m?[0;34m{ "id":"2", "event":"Today is a good Day ", "date":"2025-08-26"}
?[0m?[0;34m{ "id":"3", "event":"Perfect Day", "date":"2025-09-09"}
?[0m?[1;31m
Start test 9?[0m
?[0;34m[{"id":1,"event":"Today is a good Day ","date":"2025-08-26"},{"id":2,"event":"Today is a good Day ","date":"2025-08-26"}]
?[0m?[0;34m 200
?[0m?[0;34m /event?start_time=2025-02-15&end_time=2025-09-02
?[0m?[0;34m GET
?[0m?[0;34m{ "id":"1", "event":"Today is a good Day ", "date":"2025-08-26"}
?[0m?[0;34m{ "id":"2", "event":"Today is a good Day ", "date":"2025-08-26"}
?[0m?[1;31m
Start test 10?[0m
?[0;34m 
?[0m?[0;34m400
?[0m?[0;34m /event
?[0m?[0;34m POST
?[0m?[0;34m {"date":"2025-08-26","event":""}
?[0m?[1;31m
Start test 11?[0m
?[0;34m 
?[0m?[0;34m400
?[0m?[0;34m /event
?[0m?[0;34m POST
?[0m?[0;34m {"date":"2025-08-26","event":"     "}
?[0m?[1;31m
Start test 12?[0m
?[0;34m 
?[0m?[0;34m400
?[0m?[0;34m /event
?[0m?[0;34m POST
?[0m?[0;34m {"date":"2025-08-26"}
?[0m?[1;31m
Start test 13?[0m
?[0;34m 
?[0m?[0;34m400
?[0m?[0;34m /event
?[0m?[0;34m POST
?[0m?[0;34m {"event":"New Year Party"}
?[0m?[1;31m
Start test 14?[0m
?[0;34m 
?[0m?[0;34m400
?[0m?[0;34m /event
?[0m?[0;34m POST
?[0m?[0;34m {"event":""}
?[0m?[1;31m
Start test 15?[0m
?[0;34m 
?[0m?[0;34m400
?[0m?[0;34m /event
?[0m?[0;34m POST
?[0m?[0;34m {"date":"","event":""}
?[0m?[1;31m
Start test 16?[0m
?[0;34m 
?[0m?[0;34m400
?[0m?[0;34m /event
?[0m?[0;34m POST
?[0m?[0;34m {"event":"","date":"    "}
?[0m?[1;31m
Start test 17?[0m
?[0;34m 
?[0m?[0;34m400
?[0m?[0;34m /event
?[0m?[0;34m POST
?[0m?[0;34m {"event":"New Year Party","date":"    "}
?[0m?[1;31m
Start test 18?[0m
?[0;34m 
?[0m?[0;34m400
?[0m?[0;34m /event
?[0m?[0;34m POST
?[0m?[0;34m {"date":"    ","event":"New Year Party"}
?[0m?[1;31m
Start test 19?[0m
?[0;34m 
?[0m?[0;34m400
?[0m?[0;34m /event
?[0m?[0;34m POST
?[0m?[0;34m {"event":"New Year Party","date":""}
?[0m?[1;31m
Start test 20?[0m
?[0;34m 
?[0m?[0;34m400
?[0m?[0;34m /event
?[0m?[0;34m POST
?[0m?[0;34m {"date":"","event":"New Year Party"}
?[0m?[1;31m
Start test 21?[0m
?[0;34m[{"id":1,"event":"Today is a good Day ","date":"2025-08-26"},{"id":2,"event":"Today is a good Day ","date":"2025-08-26"}]
?[0m?[0;34m 200
?[0m?[0;34m /event/today
?[0m?[0;34m GET
?[0m?[0;34m{ "id":"1", "event":"Today is a good Day ", "date":"2025-08-26"}
?[0m?[0;34m{ "id":"2", "event":"Today is a good Day ", "date":"2025-08-26"}
?[0m?[1;31m
Start test 22?[0m
?[0;34m{ "id":"1", "event":"Today is a good Day ", "date":"2025-08-26"}
?[0m?[0;34m{ "id":"2", "event":"Today is a good Day ", "date":"2025-08-26"}
?[0m?[0;34m{ "id":"3", "event":"Perfect Day", "date":"2025-09-09"}
?[0m?[1;31m
Start test 23?[0m
?[0;34m[{"id":1,"event":"Today is a good Day ","date":"2025-08-26"},{"id":2,"event":"Today is a good Day ","date":"2025-08-26"}]
?[0m?[0;34m 200
?[0m?[0;34m /event?start_time=2025-01-05&end_time=2025-09-03
?[0m?[0;34m GET
?[0m?[0;34m{ "id":"1", "event":"Today is a good Day ", "date":"2025-08-26"}
?[0m?[0;34m{ "id":"2", "event":"Today is a good Day ", "date":"2025-08-26"}
?[0m?[1;31m
Start test 24?[0m
?[0;34m[{"id":1,"event":"Today is a good Day ","date":"2025-08-26"},{"id":2,"event":"Today is a good Day ","date":"2025-08-26"},{"id":3,"event":"Perfect Day","date":"2025-09-09"}]
?[0m?[0;34m 200
?[0m?[0;34m /event?start_time=2025-08-19&end_time=2025-11-09
?[0m?[0;34m GET
?[0m?[0;34m{ "id":"1", "event":"Today is a good Day ", "date":"2025-08-26"}
?[0m?[0;34m{ "id":"2", "event":"Today is a good Day ", "date":"2025-08-26"}
?[0m?[0;34m{ "id":"3", "event":"Perfect Day", "date":"2025-09-09"}
?[0m?[1;31m
Start test 25?[0m
?[0;34m[{"id":1,"event":"Today is a good Day ","date":"2025-08-26"},{"id":2,"event":"Today is a good Day ","date":"2025-08-26"},{"id":3,"event":"Perfect Day","date":"2025-09-09"}]
?[0m?[0;34m 200
?[0m?[0;34m /event?start_time=2025-08-19&end_time=2025-09-11
?[0m?[0;34m GET
?[0m?[0;34m{ "id":"1", "event":"Today is a good Day ", "date":"2025-08-26"}
?[0m?[0;34m{ "id":"2", "event":"Today is a good Day ", "date":"2025-08-26"}
?[0m?[0;34m{ "id":"3", "event":"Perfect Day", "date":"2025-09-09"}
?[0m?[1;31m
Start test 26?[0m
?[0;34m{"id":1,"event":"Today is a good Day ","date":"2025-08-26"} 
?[0m?[0;34m200
?[0m?[0;34m /event/1
?[0m?[0;34m GET
?[0m?[0;34m 
?[0m?[0;34m{ "id":"1", "event":"Today is a good Day ", "date":"2025-08-26"}
?[0m?[1;31m
Start test 27?[0m
?[0;34m{"id":2,"event":"Today is a good Day ","date":"2025-08-26"} 
?[0m?[0;34m200
?[0m?[0;34m /event/2
?[0m?[0;34m DELETE
?[0m?[0;34m 
?[0m?[0;34m{ "id":"2", "event":"Today is a good Day ", "date":"2025-08-26"}
?[0m?[1;31m
Start test 28?[0m
?[0;34m{"message":"The event doesn't exist!"} 
?[0m?[0;34m404
?[0m?[0;34m /event/2
?[0m?[0;34m GET
?[0m?[0;34m 
?[0m?[1;31m
Start test 29?[0m
?[0;34m{"id":1,"event":"Today is a good Day ","date":"2025-08-26"} 
?[0m?[0;34m200
?[0m?[0;34m /event/1
?[0m?[0;34m GET
?[0m?[0;34m 
?[0m?[0;34m{ "id":"1", "event":"Today is a good Day ", "date":"2025-08-26"}
?[0m?[1;31m
Start test 30?[0m
?[0;34m[{"id":1,"event":"Today is a good Day ","date":"2025-08-26"}]
?[0m?[0;34m 200
?[0m?[0;34m /event/today
?[0m?[0;34m GET
?[0m?[0;34m{ "id":"1", "event":"Today is a good Day ", "date":"2025-08-26"}
?[0m?[1;31m
Start test 31?[0m
?[0;34m{ "id":"1", "event":"Today is a good Day ", "date":"2025-08-26"}
?[0m?[0;34m{ "id":"3", "event":"Perfect Day", "date":"2025-09-09"}
?[0m?[1;31m
Start test 32?[0m
?[0;34m{"id":1,"event":"Today is a good Day ","date":"2025-08-26"} 
?[0m?[0;34m200
?[0m?[0;34m /event/1
?[0m?[0;34m DELETE
?[0m?[0;34m 
?[0m?[0;34m{ "id":"1", "event":"Today is a good Day ", "date":"2025-08-26"}
?[0m?[1;31m
Start test 33?[0m
?[0;34m{"message":"The event doesn't exist!"} 
?[0m?[0;34m404
?[0m?[0;34m /event/1
?[0m?[0;34m GET
?[0m?[0;34m 
?[0m?[1;31m
Start test 34?[0m
?[0;34m{"id":3,"event":"Perfect Day","date":"2025-09-09"} 
?[0m?[0;34m200
?[0m?[0;34m /event/3
?[0m?[0;34m DELETE
?[0m?[0;34m 
?[0m?[1;31m
Start test 35?[0m
?[1;31m
Start test 36?[0m
?[0;34m[]
?[0m?[0;34m 200
?[0m?[0;34m /event/today
?[0m?[0;34m GET
?[0m?[1;31m
Start test 37?[0m
?[0;34m{"date":"2025-08-26","message":"The event has been added!","event":"Today is a good Day "} 
?[0m?[0;34m200
?[0m?[0;34m /event
?[0m?[0;34m POST
?[0m?[0;34m {"date":"2025-08-26","event":"Today is a good Day "}
?[0m?[1;31m
Start test 38?[0m
?[0;34m{"date":"2025-08-26","message":"The event has been added!","event":"Today is a good Day "} 
?[0m?[0;34m200
?[0m?[0;34m /event
?[0m?[0;34m POST
?[0m?[0;34m {"date":"2025-08-26","event":"Today is a good Day "}
?[0m?[1;31m
Start test 39?[0m
?[0;34m[{"id":4,"event":"Today is a good Day ","date":"2025-08-26"},{"id":5,"event":"Today is a good Day ","date":"2025-08-26"}]
?[0m?[0;34m 200
?[0m?[0;34m /event/today
?[0m?[0;34m GET
?[0m?[0;34m{ "id":"4", "event":"Today is a good Day ", "date":"2025-08-26"}
?[0m?[0;34m{ "id":"5", "event":"Today is a good Day ", "date":"2025-08-26"}
?[0m?[1;31m
Start test 40?[0m
?[0;34m{"date":"2025-09-09","message":"The event has been added!","event":"Perfect Day"} 
?[0m?[0;34m200
?[0m?[0;34m /event
?[0m?[0;34m POST
?[0m?[0;34m {"date":"2025-09-09","event":"Perfect Day"}
?[0m?[1;31m
Start test 41?[0m
?[0;34m{"date":"2024-01-01","message":"The event has been added!","event":"New Year's Day"} 
?[0m?[0;34m200
?[0m?[0;34m /event
?[0m?[0;34m POST
?[0m?[0;34m {"date":"2024-01-01","event":"New Year\u0027s Day"}
?[0m?[1;31m
Start test 42?[0m
?[0;34m{"date":"2024-01-01","message":"The event has been added!","event":"New Year's Day"} 
?[0m?[0;34m200
?[0m?[0;34m /event
?[0m?[0;34m POST
?[0m?[0;34m {"date":"2024-01-01","event":"New Year\u0027s Day"}
?[0m?[1;31m
Start test 43?[0m
?[0;34m{"date":"2023-07-06","message":"The event has been added!","event":"Jan Hus Day"} 
?[0m?[0;34m200
?[0m?[0;34m /event
?[0m?[0;34m POST
?[0m?[0;34m {"date":"2023-07-06","event":"Jan Hus Day"}
?[0m?[1;31m
Start test 44?[0m
?[0;34m{"date":"2023-07-06","message":"The event has been added!","event":"Jan Hus Day"} 
?[0m?[0;34m200
?[0m?[0;34m /event
?[0m?[0;34m POST
?[0m?[0;34m {"date":"2023-07-06","event":"Jan Hus Day"}
?[0m?[1;31m
Start test 45?[0m
?[0;34m{"date":"2025-08-25","message":"The event has been added!","event":"Another Good Day"} 
?[0m?[0;34m200
?[0m?[0;34m /event
?[0m?[0;34m POST
?[0m?[0;34m {"date":"2025-08-25","event":"Another Good Day"}
?[0m?[1;31m
Start test 46?[0m
?[0;34m{ "id":"4", "event":"Today is a good Day ", "date":"2025-08-26"}
?[0m?[0;34m{ "id":"5", "event":"Today is a good Day ", "date":"2025-08-26"}
?[0m?[0;34m{ "id":"6", "event":"Perfect Day", "date":"2025-09-09"}
?[0m?[0;34m{ "id":"7", "event":"New Year's Day", "date":"2024-01-01"}
?[0m?[0;34m{ "id":"8", "event":"New Year's Day", "date":"2024-01-01"}
?[0m?[0;34m{ "id":"9", "event":"Jan Hus Day", "date":"2023-07-06"}
?[0m?[0;34m{ "id":"10", "event":"Jan Hus Day", "date":"2023-07-06"}
?[0m?[0;34m{ "id":"11", "event":"Another Good Day", "date":"2025-08-25"}
?[0m?[1;31m
Start test 47?[0m
?[0;34m[{"id":4,"event":"Today is a good Day ","date":"2025-08-26"},{"id":5,"event":"Today is a good Day ","date":"2025-08-26"},{"id":11,"event":"Another Good Day","date":"2025-08-25"}]
?[0m?[0;34m 200
?[0m?[0;34m /event?start_time=2025-01-26&end_time=2025-09-03
?[0m?[0;34m GET
?[0m?[0;34m{ "id":"4", "event":"Today is a good Day ", "date":"2025-08-26"}
?[0m?[0;34m{ "id":"5", "event":"Today is a good Day ", "date":"2025-08-26"}
?[0m?[0;34m{ "id":"11", "event":"Another Good Day", "date":"2025-08-25"}
?[0m?[1;31m
Start test 48?[0m
?[0;34m[{"id":4,"event":"Today is a good Day ","date":"2025-08-26"},{"id":5,"event":"Today is a good Day ","date":"2025-08-26"},{"id":6,"event":"Perfect Day","date":"2025-09-09"},{"id":11,"event":"Another Good Day","date":"2025-08-25"}]
?[0m?[0;34m 200
?[0m?[0;34m /event?start_time=2025-08-20&end_time=2026-03-01
?[0m?[0;34m GET
?[0m?[0;34m{ "id":"4", "event":"Today is a good Day ", "date":"2025-08-26"}
?[0m?[0;34m{ "id":"5", "event":"Today is a good Day ", "date":"2025-08-26"}
?[0m?[0;34m{ "id":"6", "event":"Perfect Day", "date":"2025-09-09"}
?[0m?[0;34m{ "id":"11", "event":"Another Good Day", "date":"2025-08-25"}
?[0m?[1;31m
Start test 49?[0m
?[0;34m2025-08-26T19:39:31.293-06:00  INFO 35944 --- [       Thread-5] j.LocalContainerEntityManagerFactoryBean : Closing JPA EntityManagerFactory for persistence unit 'default'
?[0m?[0;34m2025-08-26T19:39:31.295-06:00  INFO 35944 --- [       Thread-5] com.zaxxer.hikari.HikariDataSource       : HikariPool-1 - Shutdown initiated...
?[0m?[0;34m2025-08-26T19:39:31.364-06:00  INFO 35944 --- [       Thread-5] com.zaxxer.hikari.HikariDataSource       : HikariPool-1 - Shutdown completed.
?[0;34m
?[0m?[0;34m  .   ____          _            __ _ _
?[0m?[0;34m /\\ / ___'_ __ _ _(_)_ __  __ _ \ \ \ \
?[0m?[0;34m( ( )\___ | '_ | '_| | '_ \/ _` | \ \ \ \
?[0m?[0;34m \\/  ___)| |_)| | | | | || (_| |  ) ) ) )
?[0m?[0;34m  '  |____| .__|_| |_|_| |_\__, | / / / /
?[0m?[0;34m =========|_|==============|___/=/_/_/_/
?[0m?[0;34m :: Spring Boot ::                (v3.2.0)
?[0m?[0;34m
?[0m?[0;34m2025-08-26T19:39:40.920-06:00  INFO 35944 --- [    Test worker] webCalendarSpring.Main                   : Starting Main using Java 21.0.7 with PID 35944 (started by 52556 in C:\Temp\Java\Web Calendar (Java)\Web Calendar (Java)\task)
?[0m?[0;34m2025-08-26T19:39:40.920-06:00  INFO 35944 --- [    Test worker] webCalendarSpring.Main                   : No active profile set, falling back to 1 default profile: "default"
?[0m?[0;34m2025-08-26T19:39:41.435-06:00  INFO 35944 --- [    Test worker] .s.d.r.c.RepositoryConfigurationDelegate : Bootstrapping Spring Data JPA repositories in DEFAULT mode.
?[0m?[0;34m2025-08-26T19:39:41.454-06:00  INFO 35944 --- [    Test worker] .s.d.r.c.RepositoryConfigurationDelegate : Finished Spring Data repository scanning in 18 ms. Found 1 JPA repository interface.
?[0m?[0;34m2025-08-26T19:39:41.680-06:00  INFO 35944 --- [    Test worker] o.s.b.w.embedded.tomcat.TomcatWebServer  : Tomcat initialized with port 28852 (http)
?[0m?[0;34m2025-08-26T19:39:41.681-06:00  INFO 35944 --- [    Test worker] o.apache.catalina.core.StandardService   : Starting service [Tomcat]
?[0m?[0;34m2025-08-26T19:39:41.682-06:00  INFO 35944 --- [    Test worker] o.apache.catalina.core.StandardEngine    : Starting Servlet engine: [Apache Tomcat/10.1.16]
?[0m?[0;34m2025-08-26T19:39:41.767-06:00  INFO 35944 --- [    Test worker] o.a.c.c.C.[Tomcat].[localhost].[/]       : Initializing Spring embedded WebApplicationContext
?[0m?[0;34m2025-08-26T19:39:41.767-06:00  INFO 35944 --- [    Test worker] w.s.c.ServletWebServerApplicationContext : Root WebApplicationContext: initialization completed in 843 ms
?[0m?[0;34m2025-08-26T19:39:41.985-06:00  INFO 35944 --- [    Test worker] o.hibernate.jpa.internal.util.LogHelper  : HHH000204: Processing PersistenceUnitInfo [name: default]
?[0m?[0;34m2025-08-26T19:39:41.995-06:00  INFO 35944 --- [    Test worker] o.h.c.internal.RegionFactoryInitiator    : HHH000026: Second-level cache disabled
?[0m?[0;34m2025-08-26T19:39:42.009-06:00  INFO 35944 --- [    Test worker] o.s.o.j.p.SpringPersistenceUnitInfo      : No LoadTimeWeaver setup: ignoring JPA class transformer
?[0m?[0;34m2025-08-26T19:39:42.012-06:00  INFO 35944 --- [    Test worker] com.zaxxer.hikari.HikariDataSource       : HikariPool-2 - Starting...
?[0m?[0;34m2025-08-26T19:39:42.038-06:00  INFO 35944 --- [    Test worker] com.zaxxer.hikari.pool.HikariPool        : HikariPool-2 - Added connection conn10: url=jdbc:h2:file:../d.mv.db user=SA
?[0m?[0;34m2025-08-26T19:39:42.039-06:00  INFO 35944 --- [    Test worker] com.zaxxer.hikari.HikariDataSource       : HikariPool-2 - Start completed.
?[0m?[0;34m2025-08-26T19:39:42.040-06:00  WARN 35944 --- [    Test worker] org.hibernate.orm.deprecation            : HHH90000025: H2Dialect does not need to be specified explicitly using 'hibernate.dialect' (remove the property setting and it will be selected by default)
?[0m?[0;34m2025-08-26T19:39:42.095-06:00  INFO 35944 --- [    Test worker] o.h.e.t.j.p.i.JtaPlatformInitiator       : HHH000489: No JTA platform available (set 'hibernate.transaction.jta.platform' to enable JTA platform integration)
?[0m?[0;34m2025-08-26T19:39:42.099-06:00  INFO 35944 --- [    Test worker] j.LocalContainerEntityManagerFactoryBean : Initialized JPA EntityManagerFactory for persistence unit 'default'
?[0m?[0;34m2025-08-26T19:39:42.331-06:00  WARN 35944 --- [    Test worker] JpaBaseConfiguration$JpaWebConfiguration : spring.jpa.open-in-view is enabled by default. Therefore, database queries may be performed during view rendering. Explicitly configure spring.jpa.open-in-view to disable this warning
?[0m?[0;34m2025-08-26T19:39:43.104-06:00  INFO 35944 --- [    Test worker] o.s.b.a.e.web.EndpointLinksResolver      : Exposing 14 endpoint(s) beneath base path '/actuator'
?[0m?[0;34m2025-08-26T19:39:43.142-06:00  INFO 35944 --- [    Test worker] o.s.b.w.embedded.tomcat.TomcatWebServer  : Tomcat started on port 28852 (http) with context path ''
?[0m?[0;34m2025-08-26T19:39:43.149-06:00  INFO 35944 --- [    Test worker] webCalendarSpring.Main                   : Started Main in 2.285 seconds (process running for 26.77)
?[0m?[1;31m
Start test 50?[0m
?[0;34m2025-08-26T19:39:43.159-06:00  INFO 35944 --- [io-28852-exec-1] o.a.c.c.C.[Tomcat].[localhost].[/]       : Initializing Spring DispatcherServlet 'dispatcherServlet'
?[0m?[0;34m2025-08-26T19:39:43.159-06:00  INFO 35944 --- [io-28852-exec-1] o.s.web.servlet.DispatcherServlet        : Initializing Servlet 'dispatcherServlet'
?[0m?[0;34m2025-08-26T19:39:43.161-06:00  INFO 35944 --- [io-28852-exec-1] o.s.web.servlet.DispatcherServlet        : Completed initialization in 2 ms
?[0;34m[{"id":4,"event":"Today is a good Day ","date":"2025-08-26"},{"id":5,"event":"Today is a good Day ","date":"2025-08-26"},{"id":11,"event":"Another Good Day","date":"2025-08-25"}]
?[0m?[0;34m 200
?[0m?[0;34m /event?start_time=2025-08-20&end_time=2025-09-05
?[0m?[0;34m GET
?[0m?[0;34m{ "id":"4", "event":"Today is a good Day ", "date":"2025-08-26"}
?[0m?[0;34m{ "id":"5", "event":"Today is a good Day ", "date":"2025-08-26"}
?[0m?[0;34m{ "id":"11", "event":"Another Good Day", "date":"2025-08-25"}
?[0m?[1;31m
Start test 51?[0m
?[0;34m{"message":"The event doesn't exist!"} 
?[0m?[0;34m404
?[0m?[0;34m /event/1
?[0m?[0;34m DELETE
?[0m?[0;34m 
?[0m?[1;31m
Start test 52?[0m
?[0;34m{"id":4,"event":"Today is a good Day ","date":"2025-08-26"} 
?[0m?[0;34m200
?[0m?[0;34m /event/4
?[0m?[0;34m DELETE
?[0m?[0;34m 
?[0m?[0;34m{"id":5,"event":"Today is a good Day ","date":"2025-08-26"} 
?[0m?[0;34m200
?[0m?[0;34m /event/5
?[0m?[0;34m DELETE
?[0m?[0;34m 
?[0m?[0;34m{"id":6,"event":"Perfect Day","date":"2025-09-09"} 
?[0m?[0;34m200
?[0m?[0;34m /event/6
?[0m?[0;34m DELETE
?[0m?[0;34m 
?[0m?[0;34m{"id":7,"event":"New Year's Day","date":"2024-01-01"} 
?[0m?[0;34m200
?[0m?[0;34m /event/7
?[0m?[0;34m DELETE
?[0m?[0;34m 
?[0m?[0;34m{"id":8,"event":"New Year's Day","date":"2024-01-01"} 
?[0m?[0;34m200
?[0m?[0;34m /event/8
?[0m?[0;34m DELETE
?[0m?[0;34m 
?[0m?[0;34m{"id":9,"event":"Jan Hus Day","date":"2023-07-06"} 
?[0m?[0;34m200
?[0m?[0;34m /event/9
?[0m?[0;34m DELETE
?[0m?[0;34m 
?[0m?[0;34m{"id":10,"event":"Jan Hus Day","date":"2023-07-06"} 
?[0m?[0;34m200
?[0m?[0;34m /event/10
?[0m?[0;34m DELETE
?[0m?[0;34m 
?[0m?[0;34m{"id":11,"event":"Another Good Day","date":"2025-08-25"} 
?[0m?[0;34m200
?[0m?[0;34m /event/11
?[0m?[0;34m DELETE
?[0m?[0;34m 
?[0m?[1;31m
Start test 53?[0m
?[1;31m
Start test 54?[0m
?[0;34m[]
?[0m?[0;34m 200
?[0m?[0;34m /event/today
?[0m?[0;34m GET
?[0m]]></system-out>
  <system-err><![CDATA[]]></system-err>
</testsuite>
